#
# A fatal error has been detected by the Java Runtime Environment:
#
#  EXCEPTION_ACCESS_VIOLATION (0xc0000005) at pc=0x5e405eb5, pid=6256, tid=0x000004cc
#
# JRE version: Java(TM) SE Runtime Environment (8.0_121-b13) (build 1.8.0_121-b13)
# Java VM: Java HotSpot(TM) Client VM (25.121-b13 mixed mode windows-x86 )
# Problematic frame:
# V  [jvm.dll+0xa5eb5]
#
# Failed to write core dump. Minidumps are not enabled by default on client versions of Windows
#
# If you would like to submit a bug report, please visit:
#   http://bugreport.java.com/bugreport/crash.jsp
#

---------------  T H R E A D  ---------------

Current thread (0x1406d400):  VMThread [stack: 0x00bd0000,0x00c20000] [id=1228]

siginfo: ExceptionCode=0xc0000005, reading address 0x0000017c

Registers:
EAX=0x00000000, EBX=0x00c1f34c, ECX=0x13e54d98, EDX=0x00010200
ESP=0x00c1f318, EBP=0x00c1f32c, ESI=0x09490c00, EDI=0x09496338
EIP=0x5e405eb5, EFLAGS=0x00010216

Top of Stack: (sp=0x00c1f318)
0x00c1f318:   09490c00 00010200 094d1400 092a0000
0x00c1f328:   09490c00 00c1f360 5e405c5b 09490c00
0x00c1f338:   00010200 09490ad8 094d1400 00c1f34c
0x00c1f348:   009f6c28 5e63fd78 094d1300 00a6b080
0x00c1f358:   092a0000 00c1f514 00c1f388 5e405117
0x00c1f368:   09490c00 00010200 09490ad8 094d1400
0x00c1f378:   00010200 09490a00 00aeb485 09490ad8
0x00c1f388:   00c1f3b0 5e3f2065 09490c00 00010200 

Instructions: (pc=0x5e405eb5)
0x5e405e95:   56 ff d2 8d 34 86 3b 75 14 72 a0 8b 55 0c 8b 4f
0x5e405ea5:   04 8b 75 08 83 ec 08 8b c4 89 50 04 89 30 8b 01
0x5e405eb5:   8b 90 7c 01 00 00 53 57 ff d2 5f 5e 5b 5d c2 14
0x5e405ec5:   00 cc cc cc cc cc cc cc cc cc cc 56 8b f1 57 33 


Register to memory mapping:

EAX=0x00000000 is an unknown value
EBX=0x00c1f34c is an unknown value
ECX=0x13e54d98 is pointing into metadata
EDX=0x00010200 is an unknown value
ESP=0x00c1f318 is an unknown value
EBP=0x00c1f32c is an unknown value
ESI=0x09490c00 is pointing into object: 0x09490ad8
[B 
 - klass: {type array byte}
 - length: 512
EDI=0x09496338 is an oop

[error occurred during error reporting (printing register info), id 0xc0000005]

Stack: [0x00bd0000,0x00c20000],  sp=0x00c1f318,  free space=316k
Native frames: (J=compiled Java code, j=interpreted, Vv=VM code, C=native code)
V  [jvm.dll+0xa5eb5]
V  [jvm.dll+0xa5c5b]
V  [jvm.dll+0xa5117]
V  [jvm.dll+0x92065]
V  [jvm.dll+0x915a0]
V  [jvm.dll+0x91b54]
V  [jvm.dll+0x9ab2c]
V  [jvm.dll+0x91a14]
V  [jvm.dll+0x999de]
V  [jvm.dll+0x95819]
V  [jvm.dll+0x99513]
V  [jvm.dll+0x934c5]
V  [jvm.dll+0x1b8d26]
V  [jvm.dll+0x1830fb]
V  [jvm.dll+0x182511]
V  [jvm.dll+0x182927]
V  [jvm.dll+0x182b22]
V  [jvm.dll+0x1c2ae6]
C  [MSVCR100.dll+0x5c556]
C  [MSVCR100.dll+0x5c600]
C  [kernel32.dll+0x53c45]
C  [ntdll.dll+0x637f5]
C  [ntdll.dll+0x637c8]

VM_Operation (0x00abf2ec): GenCollectForAllocation, mode: safepoint, requested by thread 0x0058d000


---------------  P R O C E S S  ---------------

Java Threads: ( => current thread )
  0x140d1800 JavaThread "Service Thread" daemon [_thread_blocked, id=4936, stack(0x14510000,0x14560000)]
  0x140bd400 JavaThread "C1 CompilerThread0" daemon [_thread_blocked, id=6304, stack(0x144a0000,0x144f0000)]
  0x140bc400 JavaThread "Attach Listener" daemon [_thread_blocked, id=5064, stack(0x14330000,0x14380000)]
  0x140b9400 JavaThread "Signal Dispatcher" daemon [_thread_blocked, id=4168, stack(0x142b0000,0x14300000)]
  0x14099400 JavaThread "Finalizer" daemon [_thread_blocked, id=1700, stack(0x03d30000,0x03d80000)]
  0x14073800 JavaThread "Reference Handler" daemon [_thread_blocked, id=5324, stack(0x03c70000,0x03cc0000)]
  0x0058d000 JavaThread "main" [_thread_blocked, id=6316, stack(0x00a70000,0x00ac0000)]

Other Threads:
=>0x1406d400 VMThread [stack: 0x00bd0000,0x00c20000] [id=1228]
  0x140b3000 WatcherThread [stack: 0x03c10000,0x03c60000] [id=6192]

VM state:at safepoint (normal execution)

VM Mutex/Monitor currently owned by a thread:  ([mutex/lock_event])
[0x0058b7f0] Threads_lock - owner thread: 0x1406d400
[0x0058bc00] Heap_lock - owner thread: 0x0058d000

Heap:
 def new generation   total 2432K, used 1788K [0x03e00000, 0x040a0000, 0x092a0000)
  eden space 2176K,  70% used [0x03e00000, 0x03f7f3e8, 0x04020000)
  from space 256K, 100% used [0x04020000, 0x04060000, 0x04060000)
  to   space 256K,   1% used [0x04060000, 0x04060f18, 0x040a0000)
 tenured generation   total 5504K, used 2256K [0x092a0000, 0x09800000, 0x13c00000)
   the space 5504K,  41% used [0x092a0000, 0x094d42a0, 0x094d4400, 0x09800000)
 Metaspace       used 4558K, capacity 4588K, committed 4608K, reserved 5504K

Card table byte_map: [0x00ac0000,0x00b40000] byte_map_base: 0x00aa1000

Polling page: 0x00350000

CodeCache: size=32768Kb used=1110Kb max_used=1110Kb free=31657Kb
 bounds [0x01c10000, 0x01d28000, 0x03c10000]
 total_blobs=373 nmethods=228 adapters=77
 compilation: enabled

Compilation events (10 events):
Event: 1.072 Thread 0x140bd400  224             com.sun.tools.javac.file.ZipFileIndex$ZipDirectory::readEntry (587 bytes)
Event: 1.074 Thread 0x140bd400 nmethod 224 0x01d234c8 code [0x01d23720, 0x01d240f0]
Event: 1.075 Thread 0x140bd400  225             com.sun.tools.javac.file.ZipFileIndex::get4ByteLittleEndian (47 bytes)
Event: 1.075 Thread 0x140bd400 nmethod 225 0x01d24e88 code [0x01d24f80, 0x01d25060]
Event: 1.077 Thread 0x140bd400  226             java.lang.String::compareTo (78 bytes)
Event: 1.077 Thread 0x140bd400 nmethod 226 0x01d25108 code [0x01d25210, 0x01d25330]
Event: 1.077 Thread 0x140bd400  227             com.sun.tools.javac.file.ZipFileIndex$Entry::compareTo (9 bytes)
Event: 1.077 Thread 0x140bd400 nmethod 227 0x01d25488 code [0x01d25590, 0x01d2563c]
Event: 1.077 Thread 0x140bd400  228             com.sun.tools.javac.file.ZipFileIndex$Entry::compareTo (40 bytes)
Event: 1.078 Thread 0x140bd400 nmethod 228 0x01d256c8 code [0x01d257e0, 0x01d258e8]

GC Heap History (10 events):
Event: 0.558 GC heap after
Heap after GC invocations=2 (full 0):
 def new generation   total 2432K, used 242K [0x03e00000, 0x040a0000, 0x092a0000)
  eden space 2176K,   0% used [0x03e00000, 0x03e00000, 0x04020000)
  from space 256K,  94% used [0x04020000, 0x0405cb90, 0x04060000)
  to   space 256K,   0% used [0x04060000, 0x04060000, 0x040a0000)
 tenured generation   total 5504K, used 562K [0x092a0000, 0x09800000, 0x13c00000)
   the space 5504K,  10% used [0x092a0000, 0x0932c980, 0x0932ca00, 0x09800000)
 Metaspace       used 2950K, capacity 3044K, committed 3136K, reserved 4480K
}
Event: 0.639 GC heap before
{Heap before GC invocations=2 (full 0):
 def new generation   total 2432K, used 2408K [0x03e00000, 0x040a0000, 0x092a0000)
  eden space 2176K,  99% used [0x03e00000, 0x0401d838, 0x04020000)
  from space 256K,  94% used [0x04020000, 0x0405cb90, 0x04060000)
  to   space 256K,   0% used [0x04060000, 0x04060000, 0x040a0000)
 tenured generation   total 5504K, used 562K [0x092a0000, 0x09800000, 0x13c00000)
   the space 5504K,  10% used [0x092a0000, 0x0932c980, 0x0932ca00, 0x09800000)
 Metaspace       used 3412K, capacity 3524K, committed 3648K, reserved 4480K
Event: 0.641 GC heap after
Heap after GC invocations=3 (full 0):
 def new generation   total 2432K, used 198K [0x03e00000, 0x040a0000, 0x092a0000)
  eden space 2176K,   0% used [0x03e00000, 0x03e00000, 0x04020000)
  from space 256K,  77% used [0x04060000, 0x04091b58, 0x040a0000)
  to   space 256K,   0% used [0x04020000, 0x04020000, 0x04060000)
 tenured generation   total 5504K, used 788K [0x092a0000, 0x09800000, 0x13c00000)
   the space 5504K,  14% used [0x092a0000, 0x093653d0, 0x09365400, 0x09800000)
 Metaspace       used 3412K, capacity 3524K, committed 3648K, reserved 4480K
}
Event: 0.720 GC heap before
{Heap before GC invocations=3 (full 0):
 def new generation   total 2432K, used 2374K [0x03e00000, 0x040a0000, 0x092a0000)
  eden space 2176K, 100% used [0x03e00000, 0x04020000, 0x04020000)
  from space 256K,  77% used [0x04060000, 0x04091b58, 0x040a0000)
  to   space 256K,   0% used [0x04020000, 0x04020000, 0x04060000)
 tenured generation   total 5504K, used 788K [0x092a0000, 0x09800000, 0x13c00000)
   the space 5504K,  14% used [0x092a0000, 0x093653d0, 0x09365400, 0x09800000)
 Metaspace       used 3929K, capacity 4036K, committed 4160K, reserved 4480K
Event: 0.722 GC heap after
Heap after GC invocations=4 (full 0):
 def new generation   total 2432K, used 256K [0x03e00000, 0x040a0000, 0x092a0000)
  eden space 2176K,   0% used [0x03e00000, 0x03e00000, 0x04020000)
  from space 256K, 100% used [0x04020000, 0x04060000, 0x04060000)
  to   space 256K,   0% used [0x04060000, 0x04060000, 0x040a0000)
 tenured generation   total 5504K, used 957K [0x092a0000, 0x09800000, 0x13c00000)
   the space 5504K,  17% used [0x092a0000, 0x0938f660, 0x0938f800, 0x09800000)
 Metaspace       used 3929K, capacity 4036K, committed 4160K, reserved 4480K
}
Event: 0.859 GC heap before
{Heap before GC invocations=4 (full 0):
 def new generation   total 2432K, used 2432K [0x03e00000, 0x040a0000, 0x092a0000)
  eden space 2176K, 100% used [0x03e00000, 0x04020000, 0x04020000)
  from space 256K, 100% used [0x04020000, 0x04060000, 0x04060000)
  to   space 256K,   0% used [0x04060000, 0x04060000, 0x040a0000)
 tenured generation   total 5504K, used 957K [0x092a0000, 0x09800000, 0x13c00000)
   the space 5504K,  17% used [0x092a0000, 0x0938f660, 0x0938f800, 0x09800000)
 Metaspace       used 4274K, capacity 4324K, committed 4416K, reserved 4480K
Event: 0.864 GC heap after
Heap after GC invocations=5 (full 0):
 def new generation   total 2432K, used 256K [0x03e00000, 0x040a0000, 0x092a0000)
  eden space 2176K,   0% used [0x03e00000, 0x03e00000, 0x04020000)
  from space 256K, 100% used [0x04060000, 0x040a0000, 0x040a0000)
  to   space 256K,   0% used [0x04020000, 0x04020000, 0x04060000)
 tenured generation   total 5504K, used 1549K [0x092a0000, 0x09800000, 0x13c00000)
   the space 5504K,  28% used [0x092a0000, 0x09423588, 0x09423600, 0x09800000)
 Metaspace       used 4274K, capacity 4324K, committed 4416K, reserved 4480K
}
Event: 1.025 GC heap before
{Heap before GC invocations=5 (full 0):
 def new generation   total 2432K, used 2432K [0x03e00000, 0x040a0000, 0x092a0000)
  eden space 2176K, 100% used [0x03e00000, 0x04020000, 0x04020000)
  from space 256K, 100% used [0x04060000, 0x040a0000, 0x040a0000)
  to   space 256K,   0% used [0x04020000, 0x04020000, 0x04060000)
 tenured generation   total 5504K, used 1549K [0x092a0000, 0x09800000, 0x13c00000)
   the space 5504K,  28% used [0x092a0000, 0x09423588, 0x09423600, 0x09800000)
 Metaspace       used 4492K, capacity 4524K, committed 4608K, reserved 5504K
Event: 1.031 GC heap after
Heap after GC invocations=6 (full 0):
 def new generation   total 2432K, used 256K [0x03e00000, 0x040a0000, 0x092a0000)
  eden space 2176K,   0% used [0x03e00000, 0x03e00000, 0x04020000)
  from space 256K, 100% used [0x04020000, 0x04060000, 0x04060000)
  to   space 256K,   0% used [0x04060000, 0x04060000, 0x040a0000)
 tenured generation   total 5504K, used 2245K [0x092a0000, 0x09800000, 0x13c00000)
   the space 5504K,  40% used [0x092a0000, 0x094d1788, 0x094d1800, 0x09800000)
 Metaspace       used 4492K, capacity 4524K, committed 4608K, reserved 5504K
}
Event: 1.078 GC heap before
{Heap before GC invocations=6 (full 0):
 def new generation   total 2432K, used 1788K [0x03e00000, 0x040a0000, 0x092a0000)
  eden space 2176K,  70% used [0x03e00000, 0x03f7f3e8, 0x04020000)
  from space 256K, 100% used [0x04020000, 0x04060000, 0x04060000)
  to   space 256K,   0% used [0x04060000, 0x04060000, 0x040a0000)
 tenured generation   total 5504K, used 2245K [0x092a0000, 0x09800000, 0x13c00000)
   the space 5504K,  40% used [0x092a0000, 0x094d1788, 0x094d1800, 0x09800000)
 Metaspace       used 4558K, capacity 4588K, committed 4608K, reserved 5504K

Deoptimization events (0 events):
No events

Internal exceptions (8 events):
Event: 0.108 Thread 0x0058d000 Exception <a 'java/lang/NoSuchMethodError': Method sun.misc.Unsafe.defineClass(Ljava/lang/String;[BII)Ljava/lang/Class; name or signature does not match> (0x03e06e98) thrown at [C:\workspace\8-2-build-windows-i586-cygwin\jdk8u121\8372\hotspot\src\share\vm
Event: 0.108 Thread 0x0058d000 Exception <a 'java/lang/NoSuchMethodError': Method sun.misc.Unsafe.prefetchRead(Ljava/lang/Object;J)V name or signature does not match> (0x03e07168) thrown at [C:\workspace\8-2-build-windows-i586-cygwin\jdk8u121\8372\hotspot\src\share\vm\prims\jni.cpp, li
Event: 0.408 Thread 0x0058d000 Exception <a 'java/security/PrivilegedActionException'> (0x03f63ee0) thrown at [C:\workspace\8-2-build-windows-i586-cygwin\jdk8u121\8372\hotspot\src\share\vm\prims\jvm.cpp, line 1390]
Event: 0.408 Thread 0x0058d000 Exception <a 'java/security/PrivilegedActionException'> (0x03f642c0) thrown at [C:\workspace\8-2-build-windows-i586-cygwin\jdk8u121\8372\hotspot\src\share\vm\prims\jvm.cpp, line 1390]
Event: 0.410 Thread 0x0058d000 Exception <a 'java/security/PrivilegedActionException'> (0x03f67f58) thrown at [C:\workspace\8-2-build-windows-i586-cygwin\jdk8u121\8372\hotspot\src\share\vm\prims\jvm.cpp, line 1390]
Event: 0.410 Thread 0x0058d000 Exception <a 'java/security/PrivilegedActionException'> (0x03f68338) thrown at [C:\workspace\8-2-build-windows-i586-cygwin\jdk8u121\8372\hotspot\src\share\vm\prims\jvm.cpp, line 1390]
Event: 0.425 Thread 0x0058d000 Exception <a 'java/security/PrivilegedActionException'> (0x03f9cee0) thrown at [C:\workspace\8-2-build-windows-i586-cygwin\jdk8u121\8372\hotspot\src\share\vm\prims\jvm.cpp, line 1390]
Event: 0.425 Thread 0x0058d000 Exception <a 'java/security/PrivilegedActionException'> (0x03f9d2c0) thrown at [C:\workspace\8-2-build-windows-i586-cygwin\jdk8u121\8372\hotspot\src\share\vm\prims\jvm.cpp, line 1390]

Events (10 events):
Event: 1.072 loading class com/sun/tools/javac/file/ZipFileIndex$Entry done
Event: 1.075 loading class java/util/Arrays$LegacyMergeSort
Event: 1.076 loading class java/util/Arrays$LegacyMergeSort done
Event: 1.076 loading class sun/security/action/GetBooleanAction
Event: 1.076 loading class sun/security/action/GetBooleanAction done
Event: 1.076 loading class java/util/ComparableTimSort
Event: 1.076 loading class java/util/ComparableTimSort done
Event: 1.077 loading class java/io/RandomAccessFile$1
Event: 1.077 loading class java/io/RandomAccessFile$1 done
Event: 1.078 Executing VM operation: GenCollectForAllocation


Dynamic libraries:
0x00d30000 - 0x00d36000 	C:\Program Files\Java\jdk1.8.0_121\bin\javac.exe
0x773f0000 - 0x7752c000 	C:\Windows\SYSTEM32\ntdll.dll
0x76770000 - 0x76844000 	C:\Windows\system32\kernel32.dll
0x756e0000 - 0x7572a000 	C:\Windows\system32\KERNELBASE.dll
0x5e8c0000 - 0x5e8eb000 	C:\Program Files\Java\jdk1.8.0_121\bin\jli.dll
0x76b00000 - 0x76ba0000 	C:\Windows\system32\ADVAPI32.dll
0x770f0000 - 0x7719c000 	C:\Windows\system32\msvcrt.dll
0x77530000 - 0x77549000 	C:\Windows\SYSTEM32\sechost.dll
0x76c40000 - 0x76ce1000 	C:\Windows\system32\RPCRT4.dll
0x742b0000 - 0x7444e000 	C:\Windows\WinSxS\x86_microsoft.windows.common-controls_6595b64144ccf1df_6.0.7601.17514_none_41e6975e2bd6f2b2\COMCTL32.dll
0x76980000 - 0x769ce000 	C:\Windows\system32\GDI32.dll
0x76a30000 - 0x76af9000 	C:\Windows\system32\USER32.dll
0x77220000 - 0x7722a000 	C:\Windows\system32\LPK.dll
0x76ba0000 - 0x76c3d000 	C:\Windows\system32\USP10.dll
0x76850000 - 0x768a7000 	C:\Windows\system32\SHLWAPI.dll
0x562c0000 - 0x5637f000 	C:\Program Files\Java\jdk1.8.0_121\bin\MSVCR100.dll
0x76f90000 - 0x76faf000 	C:\Windows\system32\IMM32.DLL
0x768b0000 - 0x7697c000 	C:\Windows\system32\MSCTF.dll
0x62fe0000 - 0x6309f000 	C:\Program Files\Java\jdk1.8.0_121\jre\bin\msvcr100.dll
0x5e360000 - 0x5e72e000 	C:\Program Files\Java\jdk1.8.0_121\jre\bin\client\jvm.dll
0x71530000 - 0x71537000 	C:\Windows\system32\WSOCK32.dll
0x77550000 - 0x77585000 	C:\Windows\system32\WS2_32.dll
0x76fb0000 - 0x76fb6000 	C:\Windows\system32\NSI.dll
0x71560000 - 0x71592000 	C:\Windows\system32\WINMM.dll
0x74a40000 - 0x74a49000 	C:\Windows\system32\VERSION.dll
0x77240000 - 0x77245000 	C:\Windows\system32\PSAPI.DLL
0x74890000 - 0x7489c000 	C:\Program Files\Java\jdk1.8.0_121\jre\bin\verify.dll
0x6fd70000 - 0x6fd91000 	C:\Program Files\Java\jdk1.8.0_121\jre\bin\java.dll
0x6fce0000 - 0x6fcf3000 	C:\Program Files\Java\jdk1.8.0_121\jre\bin\zip.dll
0x75b20000 - 0x7676a000 	C:\Windows\system32\SHELL32.dll
0x76cf0000 - 0x76e4c000 	C:\Windows\system32\ole32.dll
0x75540000 - 0x7554b000 	C:\Windows\system32\profapi.dll
0x5f7d0000 - 0x5f8bb000 	C:\Windows\system32\dbghelp.dll

VM Arguments:
jvm_args: -Dapplication.home=C:\Program Files\Java\jdk1.8.0_121 -Xms8m 
java_command: com.sun.tools.javac.Main -d C:\Users\user\Documents\NetBeansProjects\JAVA AssignmentNirosh\build\classes -classpath C:\Users\user\Documents\NetBeansProjects\JAVA AssignmentNirosh\build\classes;C:\Program Files\NetBeans 8.2\java\modules\ext\AbsoluteLayout.jar;C:\Program Files\NetBeans 8.2\ide\modules\ext\mysql-connector-java-5.1.23-bin.jar;C:\Program Files\NetBeans 8.2\java\modules\ext\eclipselink\eclipselink.jar;C:\Program Files\NetBeans 8.2\java\modules\ext\eclipselink\javax.persistence_2.1.0.v201304241213.jar;C:\Program Files\NetBeans 8.2\java\modules\ext\eclipselink\org.eclipse.persistence.jpa.jpql_2.5.2.v20140319-9ad6abd.jar;C:\Program Files\NetBeans 8.2\java\modules\ext\beansbinding-1.2.1.jar -sourcepath C:\Users\user\Documents\NetBeansProjects\JAVA AssignmentNirosh\build\empty -target 1.8 -encoding UTF-8 -g -processorpath C:\Program Files\NetBeans 8.2\java\modules\ext\AbsoluteLayout.jar;C:\Program Files\NetBeans 8.2\ide\modules\ext\mysql-connector-java-5.1.23-bin.jar;C:\Program Files\NetBeans 8.2\java\modules\ext\eclipselink\eclipselink.jar;C:\Program Files\NetBeans 8.2\java\modules\ext\eclipselink\javax.persistence_2.1.0.v201304241213.jar;C:\Program Files\NetBeans 8.2\java\modules\ext\eclipselink\org.eclipse.persistence.jpa.jpql_2.5.2.v20140319-9ad6abd.jar;C:\Program Files\NetBeans 8.2\java\modules\ext\beansbinding-1.2.1.jar;C:\Users\user\Documents\NetBeansProjects\JAVA AssignmentNirosh\build\empty -Aeclipselink.canonicalmodel.use_static_factory=false -s C:\Users\user\Documents\NetBeansProjects\JAVA AssignmentNirosh\build\generated-sources\ap-source-output -source 1.8 C:\Users\user\Documents\NetBeansProjects\JAVA AssignmentNirosh\src\RoyalPharma\MainWindow.java
java_class_path (initial): C:\Program Files\Java\jdk1.8.0_121/lib/tools.jar;C:\Program Files\Java\jdk1.8.0_121/classes
Launcher Type: SUN_STANDARD

Environment Variables:
PATH=C:\Program Files\Java\jdk1.8.0_121\bin;C:\ProgramData\Oracle\Java\javapath;C:\Windows\system32;C:\Windows;C:\Windows\System32\Wbem;C:\Windows\System32\WindowsPowerShell\v1.0\;C:\Program Files\Microchip\MPLAB C32 Suite\bin;C:\Program Files\Git\cmd;C:\Program Files\Microsoft SQL Server\Client SDK\ODBC\110\Tools\Binn\;C:\Program Files\Microsoft SQL Server\120\Tools\Binn\;C:\Program Files\Microsoft SQL Server\120\DTS\Binn\;C:\Program Files\Microsoft SQL Server\120\Tools\Binn\ManagementStudio\;C:\Go\bin;C:\Program Files\Brackets\command
USERNAME=user
OS=Windows_NT
PROCESSOR_IDENTIFIER=x86 Family 6 Model 15 Stepping 11, GenuineIntel



---------------  S Y S T E M  ---------------

OS: Windows 7 Build 7601 (6.1.7601.17514)

CPU:total 2 (2 cores per cpu, 1 threads per core) family 6 model 15 stepping 11, cmov, cx8, fxsr, mmx, sse, sse2, sse3, ssse3, tsc

Memory: 4k page, physical 1037496k(70860k free), swap 3520696k(1269572k free)

vm_info: Java HotSpot(TM) Client VM (25.121-b13) for windows-x86 JRE (1.8.0_121-b13), built on Dec 12 2016 18:17:00 by "java_re" with MS VC++ 10.0 (VS2010)

time: Tue Sep 12 08:56:49 2017
elapsed time: 1 seconds (0d 0h 0m 1s)

